2013/08/21 06:56:48 [error] [system.db.CDbCommand] CDbCommand::fetch() failed: SQLSTATE[HY093]: Invalid parameter number: parameter was not defined. The SQL statement executed was: SELECT * FROM `admin` `t` WHERE login_name=:login_name LIMIT 1.
in D:\wamp\www\boluo\protected\components\UserIdentity.php (25)
in D:\wamp\www\boluo\protected\models\LoginForm.php (52)
in D:\wamp\www\boluo\protected\controllers\SiteController.php (94)
2013/08/21 06:56:48 [error] [exception.CDbException] exception 'CDbException' with message 'CDbCommand failed to execute the SQL statement: SQLSTATE[HY093]: Invalid parameter number: parameter was not defined. The SQL statement executed was: SELECT * FROM `admin` `t` WHERE login_name=:login_name LIMIT 1' in D:\wamp\www\yii\db\CDbCommand.php:543
Stack trace:
#0 D:\wamp\www\yii\db\CDbCommand.php(415): CDbCommand->queryInternal('fetch', Array, Array)
#1 D:\wamp\www\yii\db\ar\CActiveRecord.php(1351): CDbCommand->queryRow()
#2 D:\wamp\www\yii\db\ar\CActiveRecord.php(1456): CActiveRecord->query(Object(CDbCriteria))
#3 D:\wamp\www\boluo\protected\components\UserIdentity.php(25): CActiveRecord->find(Array)
#4 D:\wamp\www\boluo\protected\models\LoginForm.php(52): UserIdentity->authenticate()
#5 D:\wamp\www\yii\validators\CInlineValidator.php(42): LoginForm->authenticate('password', Array)
#6 D:\wamp\www\yii\validators\CValidator.php(213): CInlineValidator->validateAttribute(Object(LoginForm), 'password')
#7 D:\wamp\www\yii\base\CModel.php(159): CValidator->validate(Object(LoginForm), NULL)
#8 D:\wamp\www\boluo\protected\controllers\SiteController.php(94): CModel->validate()
#9 D:\wamp\www\yii\web\actions\CInlineAction.php(49): SiteController->actionLogin()
#10 D:\wamp\www\yii\web\CController.php(308): CInlineAction->runWithParams(Array)
#11 D:\wamp\www\yii\web\CController.php(286): CController->runAction(Object(CInlineAction))
#12 D:\wamp\www\yii\web\CController.php(265): CController->runActionWithFilters(Object(CInlineAction), Array)
#13 D:\wamp\www\yii\web\CWebApplication.php(282): CController->run('login')
#14 D:\wamp\www\yii\web\CWebApplication.php(141): CWebApplication->runController('site/login')
#15 D:\wamp\www\yii\base\CApplication.php(180): CWebApplication->processRequest()
#16 D:\wamp\www\boluo\index.php(13): CApplication->run()
#17 {main}
REQUEST_URI=/index.php?r=site/login
HTTP_REFERER=http://www.boluo.com/index.php?r=site/login
---
2013/08/21 07:03:49 [error] [exception.CException] exception 'CException' with message 'Property "CWebUser.user_message" is not defined.' in D:\wamp\www\yii\base\CComponent.php:130
Stack trace:
#0 D:\wamp\www\yii\web\auth\CWebUser.php(146): CComponent->__get('user_message')
#1 D:\wamp\www\boluo\protected\views\layouts\main.php(39): CWebUser->__get('user_message')
#2 D:\wamp\www\yii\web\CBaseController.php(126): require('D:\wamp\www\bol...')
#3 D:\wamp\www\yii\web\CBaseController.php(95): CBaseController->renderInternal('D:\wamp\www\bol...', Array, true)
#4 D:\wamp\www\yii\web\widgets\CContentDecorator.php(76): CBaseController->renderFile('D:\wamp\www\bol...', Array, true)
#5 D:\wamp\www\yii\web\widgets\CContentDecorator.php(54): CContentDecorator->decorate('<div id="conten...')
#6 D:\wamp\www\yii\web\widgets\COutputProcessor.php(44): CContentDecorator->processOutput('<div id="conten...')
#7 D:\wamp\www\yii\web\CBaseController.php(206): COutputProcessor->run()
#8 D:\wamp\www\yii\web\CBaseController.php(300): CBaseController->endWidget('CContentDecorat...')
#9 D:\wamp\www\boluo\protected\views\layouts\column1.php(6): CBaseController->endContent()
#10 D:\wamp\www\yii\web\CBaseController.php(126): require('D:\wamp\www\bol...')
#11 D:\wamp\www\yii\web\CBaseController.php(95): CBaseController->renderInternal('D:\wamp\www\bol...', Array, true)
#12 D:\wamp\www\yii\web\CController.php(784): CBaseController->renderFile('D:\wamp\www\bol...', Array, true)
#13 D:\wamp\www\boluo\protected\controllers\SiteController.php(32): CController->render('index')
#14 D:\wamp\www\yii\web\actions\CInlineAction.php(49): SiteController->actionIndex()
#15 D:\wamp\www\yii\web\CController.php(308): CInlineAction->runWithParams(Array)
#16 D:\wamp\www\yii\web\CController.php(286): CController->runAction(Object(CInlineAction))
#17 D:\wamp\www\yii\web\CController.php(265): CController->runActionWithFilters(Object(CInlineAction), Array)
#18 D:\wamp\www\yii\web\CWebApplication.php(282): CController->run('')
#19 D:\wamp\www\yii\web\CWebApplication.php(141): CWebApplication->runController('')
#20 D:\wamp\www\yii\base\CApplication.php(180): CWebApplication->processRequest()
#21 D:\wamp\www\boluo\index.php(13): CApplication->run()
#22 {main}
REQUEST_URI=/index.php
HTTP_REFERER=http://www.boluo.com/index.php?r=site/login
---
2013/08/21 07:09:48 [error] [php] Use of undefined constant user_message - assumed 'user_message' (D:\wamp\www\boluo\protected\models\LoginForm.php:72)
Stack trace:
#0 D:\wamp\www\yii\web\CController.php(308): CInlineAction->runWithParams()
#1 D:\wamp\www\yii\web\CController.php(286): SiteController->runAction()
#2 D:\wamp\www\yii\web\CController.php(265): SiteController->runActionWithFilters()
#3 D:\wamp\www\yii\web\CWebApplication.php(282): SiteController->run()
#4 D:\wamp\www\yii\web\CWebApplication.php(141): CWebApplication->runController()
#5 D:\wamp\www\yii\base\CApplication.php(180): CWebApplication->processRequest()
#6 D:\wamp\www\boluo\index.php(13): CWebApplication->run()
REQUEST_URI=/index.php?r=site/login
in D:\wamp\www\boluo\protected\models\LoginForm.php (72)
in D:\wamp\www\boluo\protected\controllers\SiteController.php (94)
in D:\wamp\www\boluo\index.php (13)
2013/08/23 02:18:03 [error] [php] Trying to get property of non-object (D:\wamp\www\boluo\protected\views\layouts\main.php:32)
Stack trace:
#0 D:\wamp\www\yii\web\widgets\CContentDecorator.php(76): SiteController->renderFile()
#1 D:\wamp\www\yii\web\widgets\CContentDecorator.php(54): CContentDecorator->decorate()
#2 D:\wamp\www\yii\web\widgets\COutputProcessor.php(44): CContentDecorator->processOutput()
#3 D:\wamp\www\yii\web\CBaseController.php(206): CContentDecorator->run()
#4 D:\wamp\www\yii\web\CBaseController.php(300): SiteController->endWidget()
#5 D:\wamp\www\boluo\protected\views\layouts\column1.php(6): SiteController->endContent()
#6 D:\wamp\www\yii\web\CBaseController.php(126): require()
#7 D:\wamp\www\yii\web\CBaseController.php(95): SiteController->renderInternal()
#8 D:\wamp\www\yii\web\CController.php(784): SiteController->renderFile()
#9 D:\wamp\www\boluo\protected\controllers\SiteController.php(98): SiteController->render()
#10 D:\wamp\www\yii\web\actions\CInlineAction.php(49): SiteController->actionLogin()
#11 D:\wamp\www\yii\web\CController.php(308): CInlineAction->runWithParams()
#12 D:\wamp\www\yii\web\CController.php(286): SiteController->runAction()
#13 D:\wamp\www\yii\web\CController.php(265): SiteController->runActionWithFilters()
#14 D:\wamp\www\yii\web\CWebApplication.php(282): SiteController->run()
#15 D:\wamp\www\yii\web\CWebApplication.php(141): CWebApplication->runController()
#16 D:\wamp\www\yii\base\CApplication.php(180): CWebApplication->processRequest()
#17 D:\wamp\www\boluo\index.php(13): CWebApplication->run()
REQUEST_URI=/index.php?r=site/login
in D:\wamp\www\boluo\protected\views\layouts\main.php (32)
in D:\wamp\www\boluo\protected\views\layouts\column1.php (6)
in D:\wamp\www\boluo\protected\controllers\SiteController.php (98)
2013/08/23 02:18:20 [error] [php] Trying to get property of non-object (D:\wamp\www\boluo\protected\views\layouts\main.php:32)
Stack trace:
#0 D:\wamp\www\yii\web\widgets\CContentDecorator.php(76): SiteController->renderFile()
#1 D:\wamp\www\yii\web\widgets\CContentDecorator.php(54): CContentDecorator->decorate()
#2 D:\wamp\www\yii\web\widgets\COutputProcessor.php(44): CContentDecorator->processOutput()
#3 D:\wamp\www\yii\web\CBaseController.php(206): CContentDecorator->run()
#4 D:\wamp\www\yii\web\CBaseController.php(300): SiteController->endWidget()
#5 D:\wamp\www\boluo\protected\views\layouts\column1.php(6): SiteController->endContent()
#6 D:\wamp\www\yii\web\CBaseController.php(126): require()
#7 D:\wamp\www\yii\web\CBaseController.php(95): SiteController->renderInternal()
#8 D:\wamp\www\yii\web\CController.php(784): SiteController->renderFile()
#9 D:\wamp\www\boluo\protected\controllers\SiteController.php(98): SiteController->render()
#10 D:\wamp\www\yii\web\actions\CInlineAction.php(49): SiteController->actionLogin()
#11 D:\wamp\www\yii\web\CController.php(308): CInlineAction->runWithParams()
#12 D:\wamp\www\yii\web\CController.php(286): SiteController->runAction()
#13 D:\wamp\www\yii\web\CController.php(265): SiteController->runActionWithFilters()
#14 D:\wamp\www\yii\web\CWebApplication.php(282): SiteController->run()
#15 D:\wamp\www\yii\web\CWebApplication.php(141): CWebApplication->runController()
#16 D:\wamp\www\yii\base\CApplication.php(180): CWebApplication->processRequest()
#17 D:\wamp\www\boluo\index.php(13): CWebApplication->run()
REQUEST_URI=/index.php?r=site/login
in D:\wamp\www\boluo\protected\views\layouts\main.php (32)
in D:\wamp\www\boluo\protected\views\layouts\column1.php (6)
in D:\wamp\www\boluo\protected\controllers\SiteController.php (98)
2013/08/23 02:18:21 [error] [php] Trying to get property of non-object (D:\wamp\www\boluo\protected\views\layouts\main.php:32)
Stack trace:
#0 D:\wamp\www\yii\web\widgets\CContentDecorator.php(76): SiteController->renderFile()
#1 D:\wamp\www\yii\web\widgets\CContentDecorator.php(54): CContentDecorator->decorate()
#2 D:\wamp\www\yii\web\widgets\COutputProcessor.php(44): CContentDecorator->processOutput()
#3 D:\wamp\www\yii\web\CBaseController.php(206): CContentDecorator->run()
#4 D:\wamp\www\yii\web\CBaseController.php(300): SiteController->endWidget()
#5 D:\wamp\www\boluo\protected\views\layouts\column1.php(6): SiteController->endContent()
#6 D:\wamp\www\yii\web\CBaseController.php(126): require()
#7 D:\wamp\www\yii\web\CBaseController.php(95): SiteController->renderInternal()
#8 D:\wamp\www\yii\web\CController.php(784): SiteController->renderFile()
#9 D:\wamp\www\boluo\protected\controllers\SiteController.php(32): SiteController->render()
#10 D:\wamp\www\yii\web\actions\CInlineAction.php(49): SiteController->actionIndex()
#11 D:\wamp\www\yii\web\CController.php(308): CInlineAction->runWithParams()
#12 D:\wamp\www\yii\web\CController.php(286): SiteController->runAction()
#13 D:\wamp\www\yii\web\CController.php(265): SiteController->runActionWithFilters()
#14 D:\wamp\www\yii\web\CWebApplication.php(282): SiteController->run()
#15 D:\wamp\www\yii\web\CWebApplication.php(141): CWebApplication->runController()
#16 D:\wamp\www\yii\base\CApplication.php(180): CWebApplication->processRequest()
#17 D:\wamp\www\boluo\index.php(13): CWebApplication->run()
REQUEST_URI=/index.php?r=site/index
in D:\wamp\www\boluo\protected\views\layouts\main.php (32)
in D:\wamp\www\boluo\protected\views\layouts\column1.php (6)
in D:\wamp\www\boluo\protected\controllers\SiteController.php (32)
2013/08/23 02:18:24 [error] [php] Trying to get property of non-object (D:\wamp\www\boluo\protected\views\layouts\main.php:32)
Stack trace:
#0 D:\wamp\www\yii\web\widgets\CContentDecorator.php(76): SiteController->renderFile()
#1 D:\wamp\www\yii\web\widgets\CContentDecorator.php(54): CContentDecorator->decorate()
#2 D:\wamp\www\yii\web\widgets\COutputProcessor.php(44): CContentDecorator->processOutput()
#3 D:\wamp\www\yii\web\CBaseController.php(206): CContentDecorator->run()
#4 D:\wamp\www\yii\web\CBaseController.php(300): SiteController->endWidget()
#5 D:\wamp\www\boluo\protected\views\layouts\column1.php(6): SiteController->endContent()
#6 D:\wamp\www\yii\web\CBaseController.php(126): require()
#7 D:\wamp\www\yii\web\CBaseController.php(95): SiteController->renderInternal()
#8 D:\wamp\www\yii\web\CController.php(784): SiteController->renderFile()
#9 D:\wamp\www\boluo\protected\controllers\SiteController.php(32): SiteController->render()
#10 D:\wamp\www\yii\web\actions\CInlineAction.php(49): SiteController->actionIndex()
#11 D:\wamp\www\yii\web\CController.php(308): CInlineAction->runWithParams()
#12 D:\wamp\www\yii\web\CController.php(286): SiteController->runAction()
#13 D:\wamp\www\yii\web\CController.php(265): SiteController->runActionWithFilters()
#14 D:\wamp\www\yii\web\CWebApplication.php(282): SiteController->run()
#15 D:\wamp\www\yii\web\CWebApplication.php(141): CWebApplication->runController()
#16 D:\wamp\www\yii\base\CApplication.php(180): CWebApplication->processRequest()
#17 D:\wamp\www\boluo\index.php(13): CWebApplication->run()
REQUEST_URI=/
in D:\wamp\www\boluo\protected\views\layouts\main.php (32)
in D:\wamp\www\boluo\protected\views\layouts\column1.php (6)
in D:\wamp\www\boluo\protected\controllers\SiteController.php (32)
2013/08/23 02:22:14 [error] [php] Trying to get property of non-object (D:\wamp\www\boluo\protected\views\layouts\main.php:32)
Stack trace:
#0 D:\wamp\www\yii\web\widgets\CContentDecorator.php(76): SiteController->renderFile()
#1 D:\wamp\www\yii\web\widgets\CContentDecorator.php(54): CContentDecorator->decorate()
#2 D:\wamp\www\yii\web\widgets\COutputProcessor.php(44): CContentDecorator->processOutput()
#3 D:\wamp\www\yii\web\CBaseController.php(206): CContentDecorator->run()
#4 D:\wamp\www\yii\web\CBaseController.php(300): SiteController->endWidget()
#5 D:\wamp\www\boluo\protected\views\layouts\column1.php(6): SiteController->endContent()
#6 D:\wamp\www\yii\web\CBaseController.php(126): require()
#7 D:\wamp\www\yii\web\CBaseController.php(95): SiteController->renderInternal()
#8 D:\wamp\www\yii\web\CController.php(784): SiteController->renderFile()
#9 D:\wamp\www\boluo\protected\controllers\SiteController.php(32): SiteController->render()
#10 D:\wamp\www\yii\web\actions\CInlineAction.php(49): SiteController->actionIndex()
#11 D:\wamp\www\yii\web\CController.php(308): CInlineAction->runWithParams()
#12 D:\wamp\www\yii\web\CController.php(286): SiteController->runAction()
#13 D:\wamp\www\yii\web\CController.php(265): SiteController->runActionWithFilters()
#14 D:\wamp\www\yii\web\CWebApplication.php(282): SiteController->run()
#15 D:\wamp\www\yii\web\CWebApplication.php(141): CWebApplication->runController()
#16 D:\wamp\www\yii\base\CApplication.php(180): CWebApplication->processRequest()
#17 D:\wamp\www\boluo\index.php(13): CWebApplication->run()
REQUEST_URI=/index.php
in D:\wamp\www\boluo\protected\views\layouts\main.php (32)
in D:\wamp\www\boluo\protected\views\layouts\column1.php (6)
in D:\wamp\www\boluo\protected\controllers\SiteController.php (32)
2013/08/23 02:46:03 [error] [system.db.CDbCommand] CDbCommand::fetchAll() failed: SQLSTATE[42S02]: Base table or view not found: 1146 Table 'boluo.content' doesn't exist. The SQL statement executed was: SHOW FULL COLUMNS FROM `content`.
in D:\wamp\www\boluo\index.php (13)
2013/08/23 02:47:57 [error] [system.db.CDbCommand] CDbCommand::fetchAll() failed: SQLSTATE[42S02]: Base table or view not found: 1146 Table 'boluo.ad_type' doesn't exist. The SQL statement executed was: SHOW FULL COLUMNS FROM `ad_type`.
in D:\wamp\www\boluo\index.php (13)
